<?xml version="1.0" encoding="UTF-8"?>
<coverage generated="1702131958">
  <project timestamp="1702131958">
    <file name="/projeto/app/Console/Kernel.php">
      <class name="App\Console\Kernel" namespace="global">
        <metrics complexity="2" methods="2" coveredmethods="1" conditionals="0" coveredconditionals="0" statements="3" coveredstatements="2" elements="5" coveredelements="3"/>
      </class>
      <line num="16" type="method" name="schedule" visibility="protected" complexity="1" crap="2" count="0"/>
      <line num="19" type="stmt" count="0"/>
      <line num="26" type="method" name="commands" visibility="protected" complexity="1" crap="1" count="7"/>
      <line num="28" type="stmt" count="7"/>
      <line num="30" type="stmt" count="7"/>
      <metrics loc="33" ncloc="21" classes="1" methods="2" coveredmethods="1" conditionals="0" coveredconditionals="0" statements="3" coveredstatements="2" elements="5" coveredelements="3"/>
    </file>
    <file name="/projeto/app/Exceptions/Handler.php">
      <class name="App\Exceptions\Handler" namespace="global">
        <metrics complexity="1" methods="1" coveredmethods="0" conditionals="0" coveredconditionals="0" statements="2" coveredstatements="0" elements="3" coveredelements="0"/>
      </class>
      <line num="35" type="method" name="register" visibility="public" complexity="1" crap="2" count="0"/>
      <line num="37" type="stmt" count="0"/>
      <line num="39" type="stmt" count="0"/>
      <metrics loc="42" ncloc="26" classes="1" methods="1" coveredmethods="0" conditionals="0" coveredconditionals="0" statements="2" coveredstatements="0" elements="3" coveredelements="0"/>
    </file>
    <file name="/projeto/app/Http/Controllers/Controller.php">
      <class name="App\Http\Controllers\Controller" namespace="global">
        <metrics complexity="0" methods="0" coveredmethods="0" conditionals="0" coveredconditionals="0" statements="0" coveredstatements="0" elements="0" coveredelements="0"/>
      </class>
      <metrics loc="14" ncloc="14" classes="0" methods="0" coveredmethods="0" conditionals="0" coveredconditionals="0" statements="0" coveredstatements="0" elements="0" coveredelements="0"/>
    </file>
    <file name="/projeto/app/Http/Controllers/Web/Aluno/AlunoController.php">
      <class name="App\Http\Controllers\Web\Aluno\AlunoController" namespace="global">
        <metrics complexity="10" methods="6" coveredmethods="0" conditionals="0" coveredconditionals="0" statements="62" coveredstatements="0" elements="68" coveredelements="0"/>
      </class>
      <line num="12" type="method" name="listar" visibility="public" complexity="1" crap="2" count="0"/>
      <line num="13" type="stmt" count="0"/>
      <line num="14" type="stmt" count="0"/>
      <line num="17" type="method" name="criar" visibility="public" complexity="1" crap="2" count="0"/>
      <line num="18" type="stmt" count="0"/>
      <line num="19" type="stmt" count="0"/>
      <line num="20" type="stmt" count="0"/>
      <line num="23" type="method" name="salvar" visibility="public" complexity="2" crap="6" count="0"/>
      <line num="26" type="stmt" count="0"/>
      <line num="27" type="stmt" count="0"/>
      <line num="28" type="stmt" count="0"/>
      <line num="29" type="stmt" count="0"/>
      <line num="30" type="stmt" count="0"/>
      <line num="31" type="stmt" count="0"/>
      <line num="32" type="stmt" count="0"/>
      <line num="33" type="stmt" count="0"/>
      <line num="34" type="stmt" count="0"/>
      <line num="35" type="stmt" count="0"/>
      <line num="37" type="stmt" count="0"/>
      <line num="38" type="stmt" count="0"/>
      <line num="39" type="stmt" count="0"/>
      <line num="40" type="stmt" count="0"/>
      <line num="41" type="stmt" count="0"/>
      <line num="42" type="stmt" count="0"/>
      <line num="43" type="stmt" count="0"/>
      <line num="44" type="stmt" count="0"/>
      <line num="45" type="stmt" count="0"/>
      <line num="48" type="method" name="editar" visibility="public" complexity="2" crap="6" count="0"/>
      <line num="50" type="stmt" count="0"/>
      <line num="51" type="stmt" count="0"/>
      <line num="53" type="stmt" count="0"/>
      <line num="54" type="stmt" count="0"/>
      <line num="55" type="stmt" count="0"/>
      <line num="56" type="stmt" count="0"/>
      <line num="57" type="stmt" count="0"/>
      <line num="58" type="stmt" count="0"/>
      <line num="59" type="stmt" count="0"/>
      <line num="62" type="method" name="atualizar" visibility="public" complexity="2" crap="6" count="0"/>
      <line num="64" type="stmt" count="0"/>
      <line num="65" type="stmt" count="0"/>
      <line num="66" type="stmt" count="0"/>
      <line num="68" type="stmt" count="0"/>
      <line num="69" type="stmt" count="0"/>
      <line num="70" type="stmt" count="0"/>
      <line num="71" type="stmt" count="0"/>
      <line num="72" type="stmt" count="0"/>
      <line num="73" type="stmt" count="0"/>
      <line num="75" type="stmt" count="0"/>
      <line num="76" type="stmt" count="0"/>
      <line num="77" type="stmt" count="0"/>
      <line num="78" type="stmt" count="0"/>
      <line num="79" type="stmt" count="0"/>
      <line num="80" type="stmt" count="0"/>
      <line num="81" type="stmt" count="0"/>
      <line num="82" type="stmt" count="0"/>
      <line num="83" type="stmt" count="0"/>
      <line num="84" type="stmt" count="0"/>
      <line num="87" type="method" name="excluir" visibility="public" complexity="2" crap="6" count="0"/>
      <line num="92" type="stmt" count="0"/>
      <line num="93" type="stmt" count="0"/>
      <line num="95" type="stmt" count="0"/>
      <line num="96" type="stmt" count="0"/>
      <line num="97" type="stmt" count="0"/>
      <line num="98" type="stmt" count="0"/>
      <line num="99" type="stmt" count="0"/>
      <line num="100" type="stmt" count="0"/>
      <line num="101" type="stmt" count="0"/>
      <line num="102" type="stmt" count="0"/>
      <metrics loc="106" ncloc="103" classes="1" methods="6" coveredmethods="0" conditionals="0" coveredconditionals="0" statements="62" coveredstatements="0" elements="68" coveredelements="0"/>
    </file>
    <file name="/projeto/app/Http/Controllers/Web/Escola/EscolaController.php">
      <class name="App\Http\Controllers\Web\Escola\EscolaController" namespace="global">
        <metrics complexity="16" methods="6" coveredmethods="0" conditionals="0" coveredconditionals="0" statements="59" coveredstatements="0" elements="65" coveredelements="0"/>
      </class>
      <line num="11" type="method" name="listar" visibility="public" complexity="1" crap="2" count="0"/>
      <line num="12" type="stmt" count="0"/>
      <line num="13" type="stmt" count="0"/>
      <line num="15" type="method" name="criar" visibility="public" complexity="1" crap="2" count="0"/>
      <line num="16" type="stmt" count="0"/>
      <line num="17" type="stmt" count="0"/>
      <line num="19" type="method" name="salvar" visibility="public" complexity="5" crap="30" count="0"/>
      <line num="22" type="stmt" count="0"/>
      <line num="23" type="stmt" count="0"/>
      <line num="24" type="stmt" count="0"/>
      <line num="25" type="stmt" count="0"/>
      <line num="26" type="stmt" count="0"/>
      <line num="27" type="stmt" count="0"/>
      <line num="28" type="stmt" count="0"/>
      <line num="29" type="stmt" count="0"/>
      <line num="31" type="stmt" count="0"/>
      <line num="32" type="stmt" count="0"/>
      <line num="33" type="stmt" count="0"/>
      <line num="34" type="stmt" count="0"/>
      <line num="35" type="stmt" count="0"/>
      <line num="36" type="stmt" count="0"/>
      <line num="37" type="stmt" count="0"/>
      <line num="38" type="stmt" count="0"/>
      <line num="39" type="stmt" count="0"/>
      <line num="40" type="stmt" count="0"/>
      <line num="41" type="stmt" count="0"/>
      <line num="44" type="method" name="editar" visibility="public" complexity="2" crap="6" count="0"/>
      <line num="46" type="stmt" count="0"/>
      <line num="48" type="stmt" count="0"/>
      <line num="49" type="stmt" count="0"/>
      <line num="50" type="stmt" count="0"/>
      <line num="51" type="stmt" count="0"/>
      <line num="52" type="stmt" count="0"/>
      <line num="53" type="stmt" count="0"/>
      <line num="54" type="stmt" count="0"/>
      <line num="57" type="method" name="atualizar" visibility="public" complexity="5" crap="30" count="0"/>
      <line num="59" type="stmt" count="0"/>
      <line num="60" type="stmt" count="0"/>
      <line num="61" type="stmt" count="0"/>
      <line num="62" type="stmt" count="0"/>
      <line num="63" type="stmt" count="0"/>
      <line num="64" type="stmt" count="0"/>
      <line num="65" type="stmt" count="0"/>
      <line num="66" type="stmt" count="0"/>
      <line num="68" type="stmt" count="0"/>
      <line num="69" type="stmt" count="0"/>
      <line num="70" type="stmt" count="0"/>
      <line num="71" type="stmt" count="0"/>
      <line num="72" type="stmt" count="0"/>
      <line num="73" type="stmt" count="0"/>
      <line num="74" type="stmt" count="0"/>
      <line num="75" type="stmt" count="0"/>
      <line num="76" type="stmt" count="0"/>
      <line num="77" type="stmt" count="0"/>
      <line num="80" type="method" name="excluir" visibility="public" complexity="2" crap="6" count="0"/>
      <line num="85" type="stmt" count="0"/>
      <line num="86" type="stmt" count="0"/>
      <line num="88" type="stmt" count="0"/>
      <line num="89" type="stmt" count="0"/>
      <line num="90" type="stmt" count="0"/>
      <line num="91" type="stmt" count="0"/>
      <line num="92" type="stmt" count="0"/>
      <line num="93" type="stmt" count="0"/>
      <line num="94" type="stmt" count="0"/>
      <line num="95" type="stmt" count="0"/>
      <metrics loc="99" ncloc="96" classes="1" methods="6" coveredmethods="0" conditionals="0" coveredconditionals="0" statements="59" coveredstatements="0" elements="65" coveredelements="0"/>
    </file>
    <file name="/projeto/app/Http/Controllers/Web/Nasa/NasaController.php">
      <class name="App\Http\Controllers\Web\Nasa\NasaController" namespace="global">
        <metrics complexity="2" methods="1" coveredmethods="0" conditionals="0" coveredconditionals="0" statements="11" coveredstatements="0" elements="12" coveredelements="0"/>
      </class>
      <line num="12" type="method" name="detalhe" visibility="public" complexity="2" crap="6" count="0"/>
      <line num="15" type="stmt" count="0"/>
      <line num="16" type="stmt" count="0"/>
      <line num="17" type="stmt" count="0"/>
      <line num="18" type="stmt" count="0"/>
      <line num="19" type="stmt" count="0"/>
      <line num="21" type="stmt" count="0"/>
      <line num="22" type="stmt" count="0"/>
      <line num="23" type="stmt" count="0"/>
      <line num="25" type="stmt" count="0"/>
      <line num="26" type="stmt" count="0"/>
      <line num="27" type="stmt" count="0"/>
      <metrics loc="31" ncloc="31" classes="1" methods="1" coveredmethods="0" conditionals="0" coveredconditionals="0" statements="11" coveredstatements="0" elements="12" coveredelements="0"/>
    </file>
    <file name="/projeto/app/Http/Controllers/Web/Suporte/SuporteTarefaController.php">
      <class name="App\Http\Controllers\Web\Suporte\SuporteTarefaController" namespace="global">
        <metrics complexity="10" methods="6" coveredmethods="0" conditionals="0" coveredconditionals="0" statements="69" coveredstatements="0" elements="75" coveredelements="0"/>
      </class>
      <line num="15" type="method" name="listar" visibility="public" complexity="1" crap="2" count="0"/>
      <line num="16" type="stmt" count="0"/>
      <line num="17" type="stmt" count="0"/>
      <line num="19" type="method" name="criar" visibility="public" complexity="1" crap="2" count="0"/>
      <line num="20" type="stmt" count="0"/>
      <line num="21" type="stmt" count="0"/>
      <line num="22" type="stmt" count="0"/>
      <line num="23" type="stmt" count="0"/>
      <line num="25" type="method" name="salvar" visibility="public" complexity="2" crap="6" count="0"/>
      <line num="28" type="stmt" count="0"/>
      <line num="29" type="stmt" count="0"/>
      <line num="30" type="stmt" count="0"/>
      <line num="31" type="stmt" count="0"/>
      <line num="32" type="stmt" count="0"/>
      <line num="33" type="stmt" count="0"/>
      <line num="34" type="stmt" count="0"/>
      <line num="35" type="stmt" count="0"/>
      <line num="36" type="stmt" count="0"/>
      <line num="37" type="stmt" count="0"/>
      <line num="38" type="stmt" count="0"/>
      <line num="39" type="stmt" count="0"/>
      <line num="40" type="stmt" count="0"/>
      <line num="42" type="stmt" count="0"/>
      <line num="43" type="stmt" count="0"/>
      <line num="44" type="stmt" count="0"/>
      <line num="45" type="stmt" count="0"/>
      <line num="46" type="stmt" count="0"/>
      <line num="47" type="stmt" count="0"/>
      <line num="48" type="stmt" count="0"/>
      <line num="49" type="stmt" count="0"/>
      <line num="50" type="stmt" count="0"/>
      <line num="53" type="method" name="editar" visibility="public" complexity="2" crap="6" count="0"/>
      <line num="55" type="stmt" count="0"/>
      <line num="56" type="stmt" count="0"/>
      <line num="57" type="stmt" count="0"/>
      <line num="59" type="stmt" count="0"/>
      <line num="60" type="stmt" count="0"/>
      <line num="61" type="stmt" count="0"/>
      <line num="62" type="stmt" count="0"/>
      <line num="63" type="stmt" count="0"/>
      <line num="64" type="stmt" count="0"/>
      <line num="65" type="stmt" count="0"/>
      <line num="68" type="method" name="atualizar" visibility="public" complexity="2" crap="6" count="0"/>
      <line num="70" type="stmt" count="0"/>
      <line num="71" type="stmt" count="0"/>
      <line num="72" type="stmt" count="0"/>
      <line num="73" type="stmt" count="0"/>
      <line num="74" type="stmt" count="0"/>
      <line num="75" type="stmt" count="0"/>
      <line num="76" type="stmt" count="0"/>
      <line num="77" type="stmt" count="0"/>
      <line num="78" type="stmt" count="0"/>
      <line num="79" type="stmt" count="0"/>
      <line num="80" type="stmt" count="0"/>
      <line num="82" type="stmt" count="0"/>
      <line num="83" type="stmt" count="0"/>
      <line num="84" type="stmt" count="0"/>
      <line num="85" type="stmt" count="0"/>
      <line num="86" type="stmt" count="0"/>
      <line num="87" type="stmt" count="0"/>
      <line num="88" type="stmt" count="0"/>
      <line num="89" type="stmt" count="0"/>
      <line num="90" type="stmt" count="0"/>
      <line num="91" type="stmt" count="0"/>
      <line num="94" type="method" name="excluir" visibility="public" complexity="2" crap="6" count="0"/>
      <line num="99" type="stmt" count="0"/>
      <line num="100" type="stmt" count="0"/>
      <line num="102" type="stmt" count="0"/>
      <line num="103" type="stmt" count="0"/>
      <line num="104" type="stmt" count="0"/>
      <line num="105" type="stmt" count="0"/>
      <line num="106" type="stmt" count="0"/>
      <line num="107" type="stmt" count="0"/>
      <line num="108" type="stmt" count="0"/>
      <line num="109" type="stmt" count="0"/>
      <metrics loc="112" ncloc="109" classes="1" methods="6" coveredmethods="0" conditionals="0" coveredconditionals="0" statements="69" coveredstatements="0" elements="75" coveredelements="0"/>
    </file>
    <file name="/projeto/app/Http/Controllers/Web/Suporte/SuporteTarefaStatusController.php">
      <class name="App\Http\Controllers\Web\Suporte\SuporteTarefaStatusController" namespace="global">
        <metrics complexity="10" methods="6" coveredmethods="0" conditionals="0" coveredconditionals="0" statements="50" coveredstatements="0" elements="56" coveredelements="0"/>
      </class>
      <line num="13" type="method" name="listar" visibility="public" complexity="1" crap="2" count="0"/>
      <line num="14" type="stmt" count="0"/>
      <line num="15" type="stmt" count="0"/>
      <line num="17" type="method" name="criar" visibility="public" complexity="1" crap="2" count="0"/>
      <line num="18" type="stmt" count="0"/>
      <line num="19" type="stmt" count="0"/>
      <line num="21" type="method" name="salvar" visibility="public" complexity="2" crap="6" count="0"/>
      <line num="24" type="stmt" count="0"/>
      <line num="25" type="stmt" count="0"/>
      <line num="26" type="stmt" count="0"/>
      <line num="27" type="stmt" count="0"/>
      <line num="28" type="stmt" count="0"/>
      <line num="30" type="stmt" count="0"/>
      <line num="31" type="stmt" count="0"/>
      <line num="32" type="stmt" count="0"/>
      <line num="33" type="stmt" count="0"/>
      <line num="34" type="stmt" count="0"/>
      <line num="35" type="stmt" count="0"/>
      <line num="36" type="stmt" count="0"/>
      <line num="37" type="stmt" count="0"/>
      <line num="38" type="stmt" count="0"/>
      <line num="41" type="method" name="editar" visibility="public" complexity="2" crap="6" count="0"/>
      <line num="43" type="stmt" count="0"/>
      <line num="45" type="stmt" count="0"/>
      <line num="46" type="stmt" count="0"/>
      <line num="47" type="stmt" count="0"/>
      <line num="48" type="stmt" count="0"/>
      <line num="49" type="stmt" count="0"/>
      <line num="50" type="stmt" count="0"/>
      <line num="51" type="stmt" count="0"/>
      <line num="54" type="method" name="atualizar" visibility="public" complexity="2" crap="6" count="0"/>
      <line num="56" type="stmt" count="0"/>
      <line num="57" type="stmt" count="0"/>
      <line num="58" type="stmt" count="0"/>
      <line num="59" type="stmt" count="0"/>
      <line num="61" type="stmt" count="0"/>
      <line num="62" type="stmt" count="0"/>
      <line num="63" type="stmt" count="0"/>
      <line num="64" type="stmt" count="0"/>
      <line num="65" type="stmt" count="0"/>
      <line num="66" type="stmt" count="0"/>
      <line num="67" type="stmt" count="0"/>
      <line num="68" type="stmt" count="0"/>
      <line num="69" type="stmt" count="0"/>
      <line num="70" type="stmt" count="0"/>
      <line num="73" type="method" name="excluir" visibility="public" complexity="2" crap="6" count="0"/>
      <line num="78" type="stmt" count="0"/>
      <line num="79" type="stmt" count="0"/>
      <line num="81" type="stmt" count="0"/>
      <line num="82" type="stmt" count="0"/>
      <line num="83" type="stmt" count="0"/>
      <line num="84" type="stmt" count="0"/>
      <line num="85" type="stmt" count="0"/>
      <line num="86" type="stmt" count="0"/>
      <line num="87" type="stmt" count="0"/>
      <line num="88" type="stmt" count="0"/>
      <metrics loc="92" ncloc="89" classes="1" methods="6" coveredmethods="0" conditionals="0" coveredconditionals="0" statements="50" coveredstatements="0" elements="56" coveredelements="0"/>
    </file>
    <file name="/projeto/app/Http/Controllers/Web/Turma/TurmaController.php">
      <class name="App\Http\Controllers\Web\Turma\TurmaController" namespace="global">
        <metrics complexity="12" methods="6" coveredmethods="0" conditionals="0" coveredconditionals="0" statements="61" coveredstatements="0" elements="67" coveredelements="0"/>
      </class>
      <line num="12" type="method" name="listar" visibility="public" complexity="1" crap="2" count="0"/>
      <line num="13" type="stmt" count="0"/>
      <line num="14" type="stmt" count="0"/>
      <line num="16" type="method" name="criar" visibility="public" complexity="1" crap="2" count="0"/>
      <line num="17" type="stmt" count="0"/>
      <line num="18" type="stmt" count="0"/>
      <line num="19" type="stmt" count="0"/>
      <line num="21" type="method" name="salvar" visibility="public" complexity="3" crap="12" count="0"/>
      <line num="24" type="stmt" count="0"/>
      <line num="25" type="stmt" count="0"/>
      <line num="27" type="stmt" count="0"/>
      <line num="28" type="stmt" count="0"/>
      <line num="29" type="stmt" count="0"/>
      <line num="30" type="stmt" count="0"/>
      <line num="31" type="stmt" count="0"/>
      <line num="32" type="stmt" count="0"/>
      <line num="33" type="stmt" count="0"/>
      <line num="35" type="stmt" count="0"/>
      <line num="36" type="stmt" count="0"/>
      <line num="37" type="stmt" count="0"/>
      <line num="38" type="stmt" count="0"/>
      <line num="39" type="stmt" count="0"/>
      <line num="40" type="stmt" count="0"/>
      <line num="41" type="stmt" count="0"/>
      <line num="42" type="stmt" count="0"/>
      <line num="43" type="stmt" count="0"/>
      <line num="44" type="stmt" count="0"/>
      <line num="47" type="method" name="editar" visibility="public" complexity="2" crap="6" count="0"/>
      <line num="49" type="stmt" count="0"/>
      <line num="50" type="stmt" count="0"/>
      <line num="52" type="stmt" count="0"/>
      <line num="53" type="stmt" count="0"/>
      <line num="54" type="stmt" count="0"/>
      <line num="55" type="stmt" count="0"/>
      <line num="56" type="stmt" count="0"/>
      <line num="57" type="stmt" count="0"/>
      <line num="58" type="stmt" count="0"/>
      <line num="61" type="method" name="atualizar" visibility="public" complexity="3" crap="12" count="0"/>
      <line num="63" type="stmt" count="0"/>
      <line num="64" type="stmt" count="0"/>
      <line num="65" type="stmt" count="0"/>
      <line num="67" type="stmt" count="0"/>
      <line num="68" type="stmt" count="0"/>
      <line num="69" type="stmt" count="0"/>
      <line num="70" type="stmt" count="0"/>
      <line num="71" type="stmt" count="0"/>
      <line num="73" type="stmt" count="0"/>
      <line num="74" type="stmt" count="0"/>
      <line num="75" type="stmt" count="0"/>
      <line num="76" type="stmt" count="0"/>
      <line num="77" type="stmt" count="0"/>
      <line num="78" type="stmt" count="0"/>
      <line num="79" type="stmt" count="0"/>
      <line num="80" type="stmt" count="0"/>
      <line num="81" type="stmt" count="0"/>
      <line num="82" type="stmt" count="0"/>
      <line num="85" type="method" name="excluir" visibility="public" complexity="2" crap="6" count="0"/>
      <line num="90" type="stmt" count="0"/>
      <line num="91" type="stmt" count="0"/>
      <line num="93" type="stmt" count="0"/>
      <line num="94" type="stmt" count="0"/>
      <line num="95" type="stmt" count="0"/>
      <line num="96" type="stmt" count="0"/>
      <line num="97" type="stmt" count="0"/>
      <line num="98" type="stmt" count="0"/>
      <line num="99" type="stmt" count="0"/>
      <line num="100" type="stmt" count="0"/>
      <metrics loc="104" ncloc="101" classes="1" methods="6" coveredmethods="0" conditionals="0" coveredconditionals="0" statements="61" coveredstatements="0" elements="67" coveredelements="0"/>
    </file>
    <file name="/projeto/app/Http/Controllers/Web/Usuario/UsuarioController.php">
      <class name="App\Http\Controllers\Web\Usuario\UsuarioController" namespace="global">
        <metrics complexity="10" methods="6" coveredmethods="0" conditionals="0" coveredconditionals="0" statements="55" coveredstatements="0" elements="61" coveredelements="0"/>
      </class>
      <line num="13" type="method" name="listar" visibility="public" complexity="1" crap="2" count="0"/>
      <line num="14" type="stmt" count="0"/>
      <line num="15" type="stmt" count="0"/>
      <line num="17" type="method" name="criar" visibility="public" complexity="1" crap="2" count="0"/>
      <line num="18" type="stmt" count="0"/>
      <line num="19" type="stmt" count="0"/>
      <line num="21" type="method" name="salvar" visibility="public" complexity="2" crap="6" count="0"/>
      <line num="24" type="stmt" count="0"/>
      <line num="25" type="stmt" count="0"/>
      <line num="26" type="stmt" count="0"/>
      <line num="27" type="stmt" count="0"/>
      <line num="28" type="stmt" count="0"/>
      <line num="29" type="stmt" count="0"/>
      <line num="30" type="stmt" count="0"/>
      <line num="32" type="stmt" count="0"/>
      <line num="33" type="stmt" count="0"/>
      <line num="34" type="stmt" count="0"/>
      <line num="35" type="stmt" count="0"/>
      <line num="36" type="stmt" count="0"/>
      <line num="37" type="stmt" count="0"/>
      <line num="38" type="stmt" count="0"/>
      <line num="39" type="stmt" count="0"/>
      <line num="40" type="stmt" count="0"/>
      <line num="41" type="stmt" count="0"/>
      <line num="44" type="method" name="editar" visibility="public" complexity="2" crap="6" count="0"/>
      <line num="46" type="stmt" count="0"/>
      <line num="48" type="stmt" count="0"/>
      <line num="49" type="stmt" count="0"/>
      <line num="50" type="stmt" count="0"/>
      <line num="51" type="stmt" count="0"/>
      <line num="52" type="stmt" count="0"/>
      <line num="53" type="stmt" count="0"/>
      <line num="54" type="stmt" count="0"/>
      <line num="57" type="method" name="atualizar" visibility="public" complexity="2" crap="6" count="0"/>
      <line num="59" type="stmt" count="0"/>
      <line num="60" type="stmt" count="0"/>
      <line num="61" type="stmt" count="0"/>
      <line num="62" type="stmt" count="0"/>
      <line num="63" type="stmt" count="0"/>
      <line num="64" type="stmt" count="0"/>
      <line num="66" type="stmt" count="0"/>
      <line num="67" type="stmt" count="0"/>
      <line num="68" type="stmt" count="0"/>
      <line num="69" type="stmt" count="0"/>
      <line num="70" type="stmt" count="0"/>
      <line num="71" type="stmt" count="0"/>
      <line num="72" type="stmt" count="0"/>
      <line num="73" type="stmt" count="0"/>
      <line num="74" type="stmt" count="0"/>
      <line num="75" type="stmt" count="0"/>
      <line num="78" type="method" name="excluir" visibility="public" complexity="2" crap="6" count="0"/>
      <line num="83" type="stmt" count="0"/>
      <line num="84" type="stmt" count="0"/>
      <line num="86" type="stmt" count="0"/>
      <line num="87" type="stmt" count="0"/>
      <line num="88" type="stmt" count="0"/>
      <line num="89" type="stmt" count="0"/>
      <line num="90" type="stmt" count="0"/>
      <line num="91" type="stmt" count="0"/>
      <line num="92" type="stmt" count="0"/>
      <line num="93" type="stmt" count="0"/>
      <metrics loc="97" ncloc="94" classes="1" methods="6" coveredmethods="0" conditionals="0" coveredconditionals="0" statements="55" coveredstatements="0" elements="61" coveredelements="0"/>
    </file>
    <file name="/projeto/app/Http/Kernel.php">
      <class name="App\Http\Kernel" namespace="global">
        <metrics complexity="0" methods="0" coveredmethods="0" conditionals="0" coveredconditionals="0" statements="0" coveredstatements="0" elements="0" coveredelements="0"/>
      </class>
      <metrics loc="67" ncloc="45" classes="0" methods="0" coveredmethods="0" conditionals="0" coveredconditionals="0" statements="0" coveredstatements="0" elements="0" coveredelements="0"/>
    </file>
    <file name="/projeto/app/Http/Middleware/Authenticate.php">
      <class name="App\Http\Middleware\Authenticate" namespace="global">
        <metrics complexity="2" methods="1" coveredmethods="0" conditionals="0" coveredconditionals="0" statements="2" coveredstatements="0" elements="3" coveredelements="0"/>
      </class>
      <line num="15" type="method" name="redirectTo" visibility="protected" complexity="2" crap="6" count="0"/>
      <line num="17" type="stmt" count="0"/>
      <line num="18" type="stmt" count="0"/>
      <metrics loc="22" ncloc="16" classes="1" methods="1" coveredmethods="0" conditionals="0" coveredconditionals="0" statements="2" coveredstatements="0" elements="3" coveredelements="0"/>
    </file>
    <file name="/projeto/app/Http/Middleware/EncryptCookies.php">
      <class name="App\Http\Middleware\EncryptCookies" namespace="global">
        <metrics complexity="0" methods="0" coveredmethods="0" conditionals="0" coveredconditionals="0" statements="0" coveredstatements="0" elements="0" coveredelements="0"/>
      </class>
      <metrics loc="18" ncloc="13" classes="0" methods="0" coveredmethods="0" conditionals="0" coveredconditionals="0" statements="0" coveredstatements="0" elements="0" coveredelements="0"/>
    </file>
    <file name="/projeto/app/Http/Middleware/PreventRequestsDuringMaintenance.php">
      <class name="App\Http\Middleware\PreventRequestsDuringMaintenance" namespace="global">
        <metrics complexity="0" methods="0" coveredmethods="0" conditionals="0" coveredconditionals="0" statements="0" coveredstatements="0" elements="0" coveredelements="0"/>
      </class>
      <metrics loc="18" ncloc="13" classes="0" methods="0" coveredmethods="0" conditionals="0" coveredconditionals="0" statements="0" coveredstatements="0" elements="0" coveredelements="0"/>
    </file>
    <file name="/projeto/app/Http/Middleware/RedirectIfAuthenticated.php">
      <class name="App\Http\Middleware\RedirectIfAuthenticated" namespace="global">
        <metrics complexity="4" methods="1" coveredmethods="0" conditionals="0" coveredconditionals="0" statements="5" coveredstatements="0" elements="6" coveredelements="0"/>
      </class>
      <line num="20" type="method" name="handle" visibility="public" complexity="4" crap="20" count="0"/>
      <line num="22" type="stmt" count="0"/>
      <line num="24" type="stmt" count="0"/>
      <line num="25" type="stmt" count="0"/>
      <line num="26" type="stmt" count="0"/>
      <line num="30" type="stmt" count="0"/>
      <metrics loc="33" ncloc="25" classes="1" methods="1" coveredmethods="0" conditionals="0" coveredconditionals="0" statements="5" coveredstatements="0" elements="6" coveredelements="0"/>
    </file>
    <file name="/projeto/app/Http/Middleware/TrimStrings.php">
      <class name="App\Http\Middleware\TrimStrings" namespace="global">
        <metrics complexity="0" methods="0" coveredmethods="0" conditionals="0" coveredconditionals="0" statements="0" coveredstatements="0" elements="0" coveredelements="0"/>
      </class>
      <metrics loc="20" ncloc="15" classes="0" methods="0" coveredmethods="0" conditionals="0" coveredconditionals="0" statements="0" coveredstatements="0" elements="0" coveredelements="0"/>
    </file>
    <file name="/projeto/app/Http/Middleware/TrustHosts.php">
      <class name="App\Http\Middleware\TrustHosts" namespace="global">
        <metrics complexity="1" methods="1" coveredmethods="0" conditionals="0" coveredconditionals="0" statements="3" coveredstatements="0" elements="4" coveredelements="0"/>
      </class>
      <line num="14" type="method" name="hosts" visibility="public" complexity="1" crap="2" count="0"/>
      <line num="16" type="stmt" count="0"/>
      <line num="17" type="stmt" count="0"/>
      <line num="18" type="stmt" count="0"/>
      <metrics loc="21" ncloc="16" classes="1" methods="1" coveredmethods="0" conditionals="0" coveredconditionals="0" statements="3" coveredstatements="0" elements="4" coveredelements="0"/>
    </file>
    <file name="/projeto/app/Http/Middleware/TrustProxies.php">
      <class name="App\Http\Middleware\TrustProxies" namespace="global">
        <metrics complexity="0" methods="0" coveredmethods="0" conditionals="0" coveredconditionals="0" statements="0" coveredstatements="0" elements="0" coveredelements="0"/>
      </class>
      <metrics loc="29" ncloc="19" classes="0" methods="0" coveredmethods="0" conditionals="0" coveredconditionals="0" statements="0" coveredstatements="0" elements="0" coveredelements="0"/>
    </file>
    <file name="/projeto/app/Http/Middleware/VerifyCsrfToken.php">
      <class name="App\Http\Middleware\VerifyCsrfToken" namespace="global">
        <metrics complexity="0" methods="0" coveredmethods="0" conditionals="0" coveredconditionals="0" statements="0" coveredstatements="0" elements="0" coveredelements="0"/>
      </class>
      <metrics loc="18" ncloc="13" classes="0" methods="0" coveredmethods="0" conditionals="0" coveredconditionals="0" statements="0" coveredstatements="0" elements="0" coveredelements="0"/>
    </file>
    <file name="/projeto/app/Http/Requests/Aluno/Request.php">
      <class name="App\Http\Requests\Aluno\Request" namespace="global">
        <metrics complexity="3" methods="3" coveredmethods="0" conditionals="0" coveredconditionals="0" statements="15" coveredstatements="0" elements="18" coveredelements="0"/>
      </class>
      <line num="14" type="method" name="authorize" visibility="public" complexity="1" crap="2" count="0"/>
      <line num="16" type="stmt" count="0"/>
      <line num="24" type="method" name="rules" visibility="public" complexity="1" crap="2" count="0"/>
      <line num="26" type="stmt" count="0"/>
      <line num="27" type="stmt" count="0"/>
      <line num="28" type="stmt" count="0"/>
      <line num="29" type="stmt" count="0"/>
      <line num="30" type="stmt" count="0"/>
      <line num="31" type="stmt" count="0"/>
      <line num="32" type="stmt" count="0"/>
      <line num="35" type="method" name="attributes" visibility="public" complexity="1" crap="2" count="0"/>
      <line num="37" type="stmt" count="0"/>
      <line num="38" type="stmt" count="0"/>
      <line num="39" type="stmt" count="0"/>
      <line num="40" type="stmt" count="0"/>
      <line num="41" type="stmt" count="0"/>
      <line num="42" type="stmt" count="0"/>
      <line num="43" type="stmt" count="0"/>
      <metrics loc="45" ncloc="35" classes="1" methods="3" coveredmethods="0" conditionals="0" coveredconditionals="0" statements="15" coveredstatements="0" elements="18" coveredelements="0"/>
    </file>
    <file name="/projeto/app/Http/Requests/Escola/Request.php">
      <class name="App\Http\Requests\Escola\Request" namespace="global">
        <metrics complexity="3" methods="3" coveredmethods="3" conditionals="0" coveredconditionals="0" statements="15" coveredstatements="15" elements="18" coveredelements="18"/>
      </class>
      <line num="14" type="method" name="authorize" visibility="public" complexity="1" crap="1" count="1"/>
      <line num="16" type="stmt" count="1"/>
      <line num="24" type="method" name="rules" visibility="public" complexity="1" crap="1" count="1"/>
      <line num="27" type="stmt" count="1"/>
      <line num="28" type="stmt" count="1"/>
      <line num="29" type="stmt" count="1"/>
      <line num="30" type="stmt" count="1"/>
      <line num="31" type="stmt" count="1"/>
      <line num="32" type="stmt" count="1"/>
      <line num="33" type="stmt" count="1"/>
      <line num="36" type="method" name="attributes" visibility="public" complexity="1" crap="1" count="1"/>
      <line num="38" type="stmt" count="1"/>
      <line num="39" type="stmt" count="1"/>
      <line num="40" type="stmt" count="1"/>
      <line num="41" type="stmt" count="1"/>
      <line num="42" type="stmt" count="1"/>
      <line num="43" type="stmt" count="1"/>
      <line num="44" type="stmt" count="1"/>
      <metrics loc="47" ncloc="37" classes="1" methods="3" coveredmethods="3" conditionals="0" coveredconditionals="0" statements="15" coveredstatements="15" elements="18" coveredelements="18"/>
    </file>
    <file name="/projeto/app/Http/Requests/SuporteTarefa/Request.php">
      <class name="App\Http\Requests\SuporteTarefa\Request" namespace="global">
        <metrics complexity="3" methods="3" coveredmethods="0" conditionals="0" coveredconditionals="0" statements="15" coveredstatements="0" elements="18" coveredelements="0"/>
      </class>
      <line num="14" type="method" name="authorize" visibility="public" complexity="1" crap="2" count="0"/>
      <line num="16" type="stmt" count="0"/>
      <line num="24" type="method" name="rules" visibility="public" complexity="1" crap="2" count="0"/>
      <line num="26" type="stmt" count="0"/>
      <line num="27" type="stmt" count="0"/>
      <line num="28" type="stmt" count="0"/>
      <line num="29" type="stmt" count="0"/>
      <line num="30" type="stmt" count="0"/>
      <line num="31" type="stmt" count="0"/>
      <line num="32" type="stmt" count="0"/>
      <line num="35" type="method" name="attributes" visibility="public" complexity="1" crap="2" count="0"/>
      <line num="37" type="stmt" count="0"/>
      <line num="38" type="stmt" count="0"/>
      <line num="39" type="stmt" count="0"/>
      <line num="40" type="stmt" count="0"/>
      <line num="41" type="stmt" count="0"/>
      <line num="42" type="stmt" count="0"/>
      <line num="43" type="stmt" count="0"/>
      <metrics loc="46" ncloc="36" classes="1" methods="3" coveredmethods="0" conditionals="0" coveredconditionals="0" statements="15" coveredstatements="0" elements="18" coveredelements="0"/>
    </file>
    <file name="/projeto/app/Http/Requests/SuporteTarefaStatus/Request.php">
      <class name="App\Http\Requests\SuporteTarefaStatus\Request" namespace="global">
        <metrics complexity="3" methods="3" coveredmethods="2" conditionals="0" coveredconditionals="0" statements="7" coveredstatements="4" elements="10" coveredelements="6"/>
      </class>
      <line num="14" type="method" name="authorize" visibility="public" complexity="1" crap="1" count="1"/>
      <line num="16" type="stmt" count="1"/>
      <line num="24" type="method" name="rules" visibility="public" complexity="1" crap="2" count="0"/>
      <line num="26" type="stmt" count="0"/>
      <line num="27" type="stmt" count="0"/>
      <line num="28" type="stmt" count="0"/>
      <line num="31" type="method" name="attributes" visibility="public" complexity="1" crap="1" count="1"/>
      <line num="33" type="stmt" count="1"/>
      <line num="34" type="stmt" count="1"/>
      <line num="35" type="stmt" count="1"/>
      <metrics loc="38" ncloc="28" classes="1" methods="3" coveredmethods="2" conditionals="0" coveredconditionals="0" statements="7" coveredstatements="4" elements="10" coveredelements="6"/>
    </file>
    <file name="/projeto/app/Http/Requests/Turma/Request.php">
      <class name="App\Http\Requests\Turma\Request" namespace="global">
        <metrics complexity="3" methods="3" coveredmethods="2" conditionals="0" coveredconditionals="0" statements="13" coveredstatements="12" elements="16" coveredelements="14"/>
      </class>
      <line num="14" type="method" name="authorize" visibility="public" complexity="1" crap="2" count="0"/>
      <line num="16" type="stmt" count="0"/>
      <line num="24" type="method" name="rules" visibility="public" complexity="1" crap="1" count="1"/>
      <line num="26" type="stmt" count="1"/>
      <line num="27" type="stmt" count="1"/>
      <line num="28" type="stmt" count="1"/>
      <line num="29" type="stmt" count="1"/>
      <line num="30" type="stmt" count="1"/>
      <line num="31" type="stmt" count="1"/>
      <line num="34" type="method" name="attributes" visibility="public" complexity="1" crap="1" count="1"/>
      <line num="36" type="stmt" count="1"/>
      <line num="37" type="stmt" count="1"/>
      <line num="38" type="stmt" count="1"/>
      <line num="39" type="stmt" count="1"/>
      <line num="40" type="stmt" count="1"/>
      <line num="41" type="stmt" count="1"/>
      <metrics loc="44" ncloc="34" classes="1" methods="3" coveredmethods="2" conditionals="0" coveredconditionals="0" statements="13" coveredstatements="12" elements="16" coveredelements="14"/>
    </file>
    <file name="/projeto/app/Http/Requests/Usuario/Request.php">
      <class name="App\Http\Requests\Usuario\Request" namespace="global">
        <metrics complexity="3" methods="3" coveredmethods="3" conditionals="0" coveredconditionals="0" statements="11" coveredstatements="11" elements="14" coveredelements="14"/>
      </class>
      <line num="15" type="method" name="authorize" visibility="public" complexity="1" crap="1" count="1"/>
      <line num="17" type="stmt" count="1"/>
      <line num="25" type="method" name="rules" visibility="public" complexity="1" crap="1" count="1"/>
      <line num="27" type="stmt" count="1"/>
      <line num="28" type="stmt" count="1"/>
      <line num="29" type="stmt" count="1"/>
      <line num="30" type="stmt" count="1"/>
      <line num="31" type="stmt" count="1"/>
      <line num="34" type="method" name="attributes" visibility="public" complexity="1" crap="1" count="1"/>
      <line num="36" type="stmt" count="1"/>
      <line num="37" type="stmt" count="1"/>
      <line num="38" type="stmt" count="1"/>
      <line num="39" type="stmt" count="1"/>
      <line num="40" type="stmt" count="1"/>
      <metrics loc="44" ncloc="34" classes="1" methods="3" coveredmethods="3" conditionals="0" coveredconditionals="0" statements="11" coveredstatements="11" elements="14" coveredelements="14"/>
    </file>
    <file name="/projeto/app/Http/Traits/Aluno/AlunoController.php">
      <class name="App\Http\Traits\AlunoTrait" namespace="global">
        <metrics complexity="0" methods="0" coveredmethods="0" conditionals="0" coveredconditionals="0" statements="0" coveredstatements="0" elements="0" coveredelements="0"/>
      </class>
      <metrics loc="8" ncloc="8" classes="0" methods="0" coveredmethods="0" conditionals="0" coveredconditionals="0" statements="0" coveredstatements="0" elements="0" coveredelements="0"/>
    </file>
    <file name="/projeto/app/Http/Traits/Escola/EscolaController.php">
      <class name="App\Http\Traits\EscolaTrait" namespace="global">
        <metrics complexity="0" methods="0" coveredmethods="0" conditionals="0" coveredconditionals="0" statements="0" coveredstatements="0" elements="0" coveredelements="0"/>
      </class>
      <metrics loc="8" ncloc="8" classes="0" methods="0" coveredmethods="0" conditionals="0" coveredconditionals="0" statements="0" coveredstatements="0" elements="0" coveredelements="0"/>
    </file>
    <file name="/projeto/app/Http/Traits/Nasa/NasaController.php">
      <class name="App\Http\Traits\NasaTrait" namespace="global">
        <metrics complexity="0" methods="0" coveredmethods="0" conditionals="0" coveredconditionals="0" statements="0" coveredstatements="0" elements="0" coveredelements="0"/>
      </class>
      <metrics loc="8" ncloc="8" classes="0" methods="0" coveredmethods="0" conditionals="0" coveredconditionals="0" statements="0" coveredstatements="0" elements="0" coveredelements="0"/>
    </file>
    <file name="/projeto/app/Http/Traits/Suporte/SuporteTarefaController.php">
      <class name="App\Http\Traits\SuporteTarefaTrait" namespace="global">
        <metrics complexity="0" methods="0" coveredmethods="0" conditionals="0" coveredconditionals="0" statements="0" coveredstatements="0" elements="0" coveredelements="0"/>
      </class>
      <metrics loc="8" ncloc="8" classes="0" methods="0" coveredmethods="0" conditionals="0" coveredconditionals="0" statements="0" coveredstatements="0" elements="0" coveredelements="0"/>
    </file>
    <file name="/projeto/app/Http/Traits/Suporte/SuporteTarefaStatusController.php">
      <class name="App\Http\Traits\SuporteTarefaStatusTrait" namespace="global">
        <metrics complexity="0" methods="0" coveredmethods="0" conditionals="0" coveredconditionals="0" statements="0" coveredstatements="0" elements="0" coveredelements="0"/>
      </class>
      <metrics loc="8" ncloc="8" classes="0" methods="0" coveredmethods="0" conditionals="0" coveredconditionals="0" statements="0" coveredstatements="0" elements="0" coveredelements="0"/>
    </file>
    <file name="/projeto/app/Http/Traits/Turma/TurmaController.php">
      <class name="App\Http\Traits\TurmaTrait" namespace="global">
        <metrics complexity="0" methods="0" coveredmethods="0" conditionals="0" coveredconditionals="0" statements="0" coveredstatements="0" elements="0" coveredelements="0"/>
      </class>
      <metrics loc="8" ncloc="8" classes="0" methods="0" coveredmethods="0" conditionals="0" coveredconditionals="0" statements="0" coveredstatements="0" elements="0" coveredelements="0"/>
    </file>
    <file name="/projeto/app/Http/Traits/Usuario/UsuarioController.php">
      <class name="App\Http\Traits\UsuarioTrait" namespace="global">
        <metrics complexity="0" methods="0" coveredmethods="0" conditionals="0" coveredconditionals="0" statements="0" coveredstatements="0" elements="0" coveredelements="0"/>
      </class>
      <metrics loc="8" ncloc="8" classes="0" methods="0" coveredmethods="0" conditionals="0" coveredconditionals="0" statements="0" coveredstatements="0" elements="0" coveredelements="0"/>
    </file>
    <file name="/projeto/app/Models/Aluno.php">
      <class name="App\Models\Aluno" namespace="global">
        <metrics complexity="1" methods="1" coveredmethods="1" conditionals="0" coveredconditionals="0" statements="1" coveredstatements="1" elements="2" coveredelements="2"/>
      </class>
      <line num="15" type="method" name="turma" visibility="public" complexity="1" crap="1" count="1"/>
      <line num="16" type="stmt" count="1"/>
      <metrics loc="18" ncloc="18" classes="1" methods="1" coveredmethods="1" conditionals="0" coveredconditionals="0" statements="1" coveredstatements="1" elements="2" coveredelements="2"/>
    </file>
    <file name="/projeto/app/Models/Escola.php">
      <class name="App\Models\Escola" namespace="global">
        <metrics complexity="0" methods="0" coveredmethods="0" conditionals="0" coveredconditionals="0" statements="0" coveredstatements="0" elements="0" coveredelements="0"/>
      </class>
      <metrics loc="16" ncloc="16" classes="0" methods="0" coveredmethods="0" conditionals="0" coveredconditionals="0" statements="0" coveredstatements="0" elements="0" coveredelements="0"/>
    </file>
    <file name="/projeto/app/Models/SuporteTarefa.php">
      <class name="App\Models\SuporteTarefa" namespace="global">
        <metrics complexity="2" methods="2" coveredmethods="2" conditionals="0" coveredconditionals="0" statements="2" coveredstatements="2" elements="4" coveredelements="4"/>
      </class>
      <line num="15" type="method" name="status" visibility="public" complexity="1" crap="1" count="2"/>
      <line num="16" type="stmt" count="2"/>
      <line num="18" type="method" name="usuario" visibility="public" complexity="1" crap="1" count="2"/>
      <line num="19" type="stmt" count="2"/>
      <metrics loc="22" ncloc="22" classes="1" methods="2" coveredmethods="2" conditionals="0" coveredconditionals="0" statements="2" coveredstatements="2" elements="4" coveredelements="4"/>
    </file>
    <file name="/projeto/app/Models/SuporteTarefaStatus.php">
      <class name="App\Models\SuporteTarefaStatus" namespace="global">
        <metrics complexity="1" methods="1" coveredmethods="1" conditionals="0" coveredconditionals="0" statements="1" coveredstatements="1" elements="2" coveredelements="2"/>
      </class>
      <line num="15" type="method" name="suporteTarefas" visibility="public" complexity="1" crap="1" count="1"/>
      <line num="16" type="stmt" count="1"/>
      <metrics loc="19" ncloc="19" classes="1" methods="1" coveredmethods="1" conditionals="0" coveredconditionals="0" statements="1" coveredstatements="1" elements="2" coveredelements="2"/>
    </file>
    <file name="/projeto/app/Models/Turma.php">
      <class name="App\Models\Turma" namespace="global">
        <metrics complexity="1" methods="1" coveredmethods="1" conditionals="0" coveredconditionals="0" statements="1" coveredstatements="1" elements="2" coveredelements="2"/>
      </class>
      <line num="15" type="method" name="escola" visibility="public" complexity="1" crap="1" count="1"/>
      <line num="16" type="stmt" count="1"/>
      <metrics loc="19" ncloc="19" classes="1" methods="1" coveredmethods="1" conditionals="0" coveredconditionals="0" statements="1" coveredstatements="1" elements="2" coveredelements="2"/>
    </file>
    <file name="/projeto/app/Models/User.php">
      <class name="App\Models\User" namespace="global">
        <metrics complexity="1" methods="1" coveredmethods="1" conditionals="0" coveredconditionals="0" statements="1" coveredstatements="1" elements="2" coveredelements="2"/>
      </class>
      <line num="46" type="method" name="suporteTarefas" visibility="public" complexity="1" crap="1" count="1"/>
      <line num="47" type="stmt" count="1"/>
      <metrics loc="50" ncloc="35" classes="1" methods="1" coveredmethods="1" conditionals="0" coveredconditionals="0" statements="1" coveredstatements="1" elements="2" coveredelements="2"/>
    </file>
    <file name="/projeto/app/Providers/AppServiceProvider.php">
      <class name="App\Providers\AppServiceProvider" namespace="global">
        <metrics complexity="2" methods="2" coveredmethods="2" conditionals="0" coveredconditionals="0" statements="2" coveredstatements="2" elements="4" coveredelements="4"/>
      </class>
      <line num="14" type="method" name="register" visibility="public" complexity="1" crap="1" count="7"/>
      <line num="17" type="stmt" count="7"/>
      <line num="24" type="method" name="boot" visibility="public" complexity="1" crap="1" count="7"/>
      <line num="27" type="stmt" count="7"/>
      <metrics loc="29" ncloc="17" classes="1" methods="2" coveredmethods="2" conditionals="0" coveredconditionals="0" statements="2" coveredstatements="2" elements="4" coveredelements="4"/>
    </file>
    <file name="/projeto/app/Providers/AuthServiceProvider.php">
      <class name="App\Providers\AuthServiceProvider" namespace="global">
        <metrics complexity="1" methods="1" coveredmethods="1" conditionals="0" coveredconditionals="0" statements="1" coveredstatements="1" elements="2" coveredelements="2"/>
      </class>
      <line num="24" type="method" name="boot" visibility="public" complexity="1" crap="1" count="7"/>
      <line num="26" type="stmt" count="7"/>
      <metrics loc="31" ncloc="20" classes="1" methods="1" coveredmethods="1" conditionals="0" coveredconditionals="0" statements="1" coveredstatements="1" elements="2" coveredelements="2"/>
    </file>
    <file name="/projeto/app/Providers/BroadcastServiceProvider.php">
      <class name="App\Providers\BroadcastServiceProvider" namespace="global">
        <metrics complexity="1" methods="1" coveredmethods="0" conditionals="0" coveredconditionals="0" statements="2" coveredstatements="0" elements="3" coveredelements="0"/>
      </class>
      <line num="15" type="method" name="boot" visibility="public" complexity="1" crap="2" count="0"/>
      <line num="17" type="stmt" count="0"/>
      <line num="19" type="stmt" count="0"/>
      <metrics loc="22" ncloc="17" classes="1" methods="1" coveredmethods="0" conditionals="0" coveredconditionals="0" statements="2" coveredstatements="0" elements="3" coveredelements="0"/>
    </file>
    <file name="/projeto/app/Providers/EventServiceProvider.php">
      <class name="App\Providers\EventServiceProvider" namespace="global">
        <metrics complexity="1" methods="1" coveredmethods="1" conditionals="0" coveredconditionals="0" statements="1" coveredstatements="1" elements="2" coveredelements="2"/>
      </class>
      <line num="28" type="method" name="boot" visibility="public" complexity="1" crap="1" count="7"/>
      <line num="31" type="stmt" count="7"/>
      <metrics loc="33" ncloc="22" classes="1" methods="1" coveredmethods="1" conditionals="0" coveredconditionals="0" statements="1" coveredstatements="1" elements="2" coveredelements="2"/>
    </file>
    <file name="/projeto/app/Providers/RouteServiceProvider.php">
      <class name="App\Providers\RouteServiceProvider" namespace="global">
        <metrics complexity="3" methods="2" coveredmethods="1" conditionals="0" coveredconditionals="0" statements="13" coveredstatements="12" elements="15" coveredelements="13"/>
      </class>
      <line num="36" type="method" name="boot" visibility="public" complexity="1" crap="1" count="7"/>
      <line num="38" type="stmt" count="7"/>
      <line num="40" type="stmt" count="7"/>
      <line num="41" type="stmt" count="7"/>
      <line num="42" type="stmt" count="7"/>
      <line num="43" type="stmt" count="7"/>
      <line num="44" type="stmt" count="7"/>
      <line num="46" type="stmt" count="7"/>
      <line num="47" type="stmt" count="7"/>
      <line num="48" type="stmt" count="7"/>
      <line num="49" type="stmt" count="7"/>
      <line num="57" type="method" name="configureRateLimiting" visibility="protected" complexity="2" crap="2.15" count="7"/>
      <line num="59" type="stmt" count="7"/>
      <line num="60" type="stmt" count="0"/>
      <line num="61" type="stmt" count="7"/>
      <metrics loc="64" ncloc="39" classes="1" methods="2" coveredmethods="1" conditionals="0" coveredconditionals="0" statements="13" coveredstatements="12" elements="15" coveredelements="13"/>
    </file>
    <metrics files="43" loc="1619" ncloc="1363" classes="28" methods="74" coveredmethods="22" conditionals="0" coveredconditionals="0" statements="483" coveredstatements="66" elements="557" coveredelements="88"/>
  </project>
</coverage>
